Started GET "/" for 127.0.0.1 at 2016-12-23 10:59:48 +0530
  
ActiveRecord::NoDatabaseError (FATAL:  database "EventsAcross_development" does not exist
):
  
activerecord (5.0.1) lib/active_record/connection_adapters/postgresql_adapter.rb:675:in `rescue in connect'
activerecord (5.0.1) lib/active_record/connection_adapters/postgresql_adapter.rb:671:in `connect'
activerecord (5.0.1) lib/active_record/connection_adapters/postgresql_adapter.rb:217:in `initialize'
activerecord (5.0.1) lib/active_record/connection_adapters/postgresql_adapter.rb:37:in `new'
activerecord (5.0.1) lib/active_record/connection_adapters/postgresql_adapter.rb:37:in `postgresql_connection'
activerecord (5.0.1) lib/active_record/connection_adapters/abstract/connection_pool.rb:729:in `new_connection'
activerecord (5.0.1) lib/active_record/connection_adapters/abstract/connection_pool.rb:773:in `checkout_new_connection'
activerecord (5.0.1) lib/active_record/connection_adapters/abstract/connection_pool.rb:752:in `try_to_checkout_new_connection'
activerecord (5.0.1) lib/active_record/connection_adapters/abstract/connection_pool.rb:713:in `acquire_connection'
activerecord (5.0.1) lib/active_record/connection_adapters/abstract/connection_pool.rb:490:in `checkout'
activerecord (5.0.1) lib/active_record/connection_adapters/abstract/connection_pool.rb:364:in `connection'
activerecord (5.0.1) lib/active_record/connection_adapters/abstract/connection_pool.rb:883:in `retrieve_connection'
activerecord (5.0.1) lib/active_record/connection_handling.rb:128:in `retrieve_connection'
activerecord (5.0.1) lib/active_record/connection_handling.rb:91:in `connection'
activerecord (5.0.1) lib/active_record/migration.rb:559:in `connection'
activerecord (5.0.1) lib/active_record/migration.rb:546:in `call'
actionpack (5.0.1) lib/action_dispatch/middleware/callbacks.rb:38:in `block in call'
activesupport (5.0.1) lib/active_support/callbacks.rb:97:in `__run_callbacks__'
activesupport (5.0.1) lib/active_support/callbacks.rb:750:in `_run_call_callbacks'
activesupport (5.0.1) lib/active_support/callbacks.rb:90:in `run_callbacks'
actionpack (5.0.1) lib/action_dispatch/middleware/callbacks.rb:36:in `call'
actionpack (5.0.1) lib/action_dispatch/middleware/executor.rb:12:in `call'
actionpack (5.0.1) lib/action_dispatch/middleware/remote_ip.rb:79:in `call'
actionpack (5.0.1) lib/action_dispatch/middleware/debug_exceptions.rb:49:in `call'
web-console (3.4.0) lib/web_console/middleware.rb:135:in `call_app'
web-console (3.4.0) lib/web_console/middleware.rb:28:in `block in call'
web-console (3.4.0) lib/web_console/middleware.rb:18:in `catch'
web-console (3.4.0) lib/web_console/middleware.rb:18:in `call'
actionpack (5.0.1) lib/action_dispatch/middleware/show_exceptions.rb:31:in `call'
railties (5.0.1) lib/rails/rack/logger.rb:36:in `call_app'
railties (5.0.1) lib/rails/rack/logger.rb:24:in `block in call'
activesupport (5.0.1) lib/active_support/tagged_logging.rb:69:in `block in tagged'
activesupport (5.0.1) lib/active_support/tagged_logging.rb:26:in `tagged'
activesupport (5.0.1) lib/active_support/tagged_logging.rb:69:in `tagged'
railties (5.0.1) lib/rails/rack/logger.rb:24:in `call'
sprockets-rails (3.2.0) lib/sprockets/rails/quiet_assets.rb:13:in `call'
actionpack (5.0.1) lib/action_dispatch/middleware/request_id.rb:24:in `call'
rack (2.0.1) lib/rack/method_override.rb:22:in `call'
rack (2.0.1) lib/rack/runtime.rb:22:in `call'
activesupport (5.0.1) lib/active_support/cache/strategy/local_cache_middleware.rb:28:in `call'
actionpack (5.0.1) lib/action_dispatch/middleware/executor.rb:12:in `call'
actionpack (5.0.1) lib/action_dispatch/middleware/static.rb:136:in `call'
rack (2.0.1) lib/rack/sendfile.rb:111:in `call'
railties (5.0.1) lib/rails/engine.rb:522:in `call'
puma (3.6.2) lib/puma/configuration.rb:225:in `call'
puma (3.6.2) lib/puma/server.rb:578:in `handle_request'
puma (3.6.2) lib/puma/server.rb:415:in `process_client'
puma (3.6.2) lib/puma/server.rb:275:in `block in run'
puma (3.6.2) lib/puma/thread_pool.rb:116:in `block in spawn_thread'
  Rendering /home/deva/.rvm/gems/ruby-2.3.1/gems/actionpack-5.0.1/lib/action_dispatch/middleware/templates/rescues/diagnostics.html.erb within rescues/layout
  Rendering /home/deva/.rvm/gems/ruby-2.3.1/gems/actionpack-5.0.1/lib/action_dispatch/middleware/templates/rescues/_source.html.erb
  Rendered /home/deva/.rvm/gems/ruby-2.3.1/gems/actionpack-5.0.1/lib/action_dispatch/middleware/templates/rescues/_source.html.erb (3.2ms)
  Rendering /home/deva/.rvm/gems/ruby-2.3.1/gems/actionpack-5.0.1/lib/action_dispatch/middleware/templates/rescues/_trace.html.erb
  Rendered /home/deva/.rvm/gems/ruby-2.3.1/gems/actionpack-5.0.1/lib/action_dispatch/middleware/templates/rescues/_trace.html.erb (1.9ms)
  Rendering /home/deva/.rvm/gems/ruby-2.3.1/gems/actionpack-5.0.1/lib/action_dispatch/middleware/templates/rescues/_request_and_response.html.erb
  Rendered /home/deva/.rvm/gems/ruby-2.3.1/gems/actionpack-5.0.1/lib/action_dispatch/middleware/templates/rescues/_request_and_response.html.erb (0.9ms)
  Rendered /home/deva/.rvm/gems/ruby-2.3.1/gems/actionpack-5.0.1/lib/action_dispatch/middleware/templates/rescues/diagnostics.html.erb within rescues/layout (31.8ms)
  [1m[35m (104.5ms)[0m  [1m[35mCREATE TABLE "schema_migrations" ("version" character varying PRIMARY KEY)[0m
  [1m[35m (107.3ms)[0m  [1m[35mCREATE TABLE "ar_internal_metadata" ("key" character varying PRIMARY KEY, "value" character varying, "created_at" timestamp NOT NULL, "updated_at" timestamp NOT NULL)[0m
  [1m[35m (0.2ms)[0m  [1m[34mSELECT pg_try_advisory_lock(1481219819937888240);[0m
  [1m[36mActiveRecord::SchemaMigration Load (0.4ms)[0m  [1m[34mSELECT "schema_migrations".* FROM "schema_migrations"[0m
  [1m[36mActiveRecord::InternalMetadata Load (0.4ms)[0m  [1m[34mSELECT  "ar_internal_metadata".* FROM "ar_internal_metadata" WHERE "ar_internal_metadata"."key" = $1 LIMIT $2[0m  [["key", :environment], ["LIMIT", 1]]
  [1m[35m (0.1ms)[0m  [1m[35mBEGIN[0m
  [1m[35mSQL (0.4ms)[0m  [1m[32mINSERT INTO "ar_internal_metadata" ("key", "value", "created_at", "updated_at") VALUES ($1, $2, $3, $4) RETURNING "key"[0m  [["key", "environment"], ["value", "development"], ["created_at", 2016-12-23 05:30:23 UTC], ["updated_at", 2016-12-23 05:30:23 UTC]]
  [1m[35m (10.0ms)[0m  [1m[35mCOMMIT[0m
  [1m[35m (0.2ms)[0m  [1m[34mSELECT pg_advisory_unlock(1481219819937888240)[0m
  [1m[36mActiveRecord::SchemaMigration Load (0.2ms)[0m  [1m[34mSELECT "schema_migrations".* FROM "schema_migrations"[0m
Started GET "/" for 127.0.0.1 at 2016-12-23 11:00:36 +0530
Processing by Rails::WelcomeController#index as HTML
  Parameters: {"internal"=>true}
  Rendering /home/deva/.rvm/gems/ruby-2.3.1/gems/railties-5.0.1/lib/rails/templates/rails/welcome/index.html.erb
  Rendered /home/deva/.rvm/gems/ruby-2.3.1/gems/railties-5.0.1/lib/rails/templates/rails/welcome/index.html.erb (3.8ms)
Completed 200 OK in 20ms (Views: 7.9ms | ActiveRecord: 0.0ms)


Started GET "/" for 127.0.0.1 at 2016-12-26 13:02:38 +0530
Processing by Rails::WelcomeController#index as HTML
  Parameters: {"internal"=>true}
  Rendering /home/deva/.rvm/gems/ruby-2.3.1/gems/railties-5.0.1/lib/rails/templates/rails/welcome/index.html.erb
  Rendered /home/deva/.rvm/gems/ruby-2.3.1/gems/railties-5.0.1/lib/rails/templates/rails/welcome/index.html.erb (7.9ms)
Completed 200 OK in 76ms (Views: 22.0ms | ActiveRecord: 0.0ms)


  [1m[35m (20.2ms)[0m  [1m[34mSELECT pg_try_advisory_lock(1481219819937888240);[0m
  [1m[36mActiveRecord::SchemaMigration Load (18.4ms)[0m  [1m[34mSELECT "schema_migrations".* FROM "schema_migrations"[0m
Migrating to CreateEvents (20161226073925)
  [1m[35m (0.1ms)[0m  [1m[35mBEGIN[0m
  [1m[35m (369.2ms)[0m  [1m[35mCREATE TABLE "events" ("id" serial primary key, "title" character varying, "description" text, "starts_at" timestamp, "ends_at" timestamp, "location_id" integer, "contact_id" integer, "created_at" timestamp NOT NULL, "updated_at" timestamp NOT NULL)[0m
  [1m[35mSQL (0.4ms)[0m  [1m[32mINSERT INTO "schema_migrations" ("version") VALUES ($1) RETURNING "version"[0m  [["version", "20161226073925"]]
  [1m[35m (30.1ms)[0m  [1m[35mCOMMIT[0m
Migrating to CreateLocations (20161226085351)
  [1m[35m (0.1ms)[0m  [1m[35mBEGIN[0m
  [1m[35m (92.8ms)[0m  [1m[35mCREATE TABLE "locations" ("id" serial primary key, "line1" character varying, "line2" character varying, "city" character varying, "country" character varying, "pin" character varying, "created_at" timestamp NOT NULL, "updated_at" timestamp NOT NULL)[0m
  [1m[35mSQL (0.3ms)[0m  [1m[32mINSERT INTO "schema_migrations" ("version") VALUES ($1) RETURNING "version"[0m  [["version", "20161226085351"]]
  [1m[35m (26.5ms)[0m  [1m[35mCOMMIT[0m
Migrating to CreateContacts (20161226085411)
  [1m[35m (0.3ms)[0m  [1m[35mBEGIN[0m
  [1m[35m (112.9ms)[0m  [1m[35mCREATE TABLE "contacts" ("id" serial primary key, "name" character varying, "email" character varying, "phone" character varying, "created_at" timestamp NOT NULL, "updated_at" timestamp NOT NULL)[0m
  [1m[35mSQL (0.2ms)[0m  [1m[32mINSERT INTO "schema_migrations" ("version") VALUES ($1) RETURNING "version"[0m  [["version", "20161226085411"]]
  [1m[35m (26.1ms)[0m  [1m[35mCOMMIT[0m
  [1m[36mActiveRecord::InternalMetadata Load (43.6ms)[0m  [1m[34mSELECT  "ar_internal_metadata".* FROM "ar_internal_metadata" WHERE "ar_internal_metadata"."key" = $1 LIMIT $2[0m  [["key", :environment], ["LIMIT", 1]]
  [1m[35m (0.1ms)[0m  [1m[35mBEGIN[0m
  [1m[35m (0.1ms)[0m  [1m[35mCOMMIT[0m
  [1m[35m (0.3ms)[0m  [1m[34mSELECT pg_advisory_unlock(1481219819937888240)[0m
  [1m[36mActiveRecord::SchemaMigration Load (0.5ms)[0m  [1m[34mSELECT "schema_migrations".* FROM "schema_migrations"[0m
  [1m[35m (0.2ms)[0m  [1m[35mBEGIN[0m
  [1m[35mSQL (0.8ms)[0m  [1m[32mINSERT INTO "events" ("title", "created_at", "updated_at") VALUES ($1, $2, $3) RETURNING "id"[0m  [["title", "test event"], ["created_at", 2016-12-26 08:57:18 UTC], ["updated_at", 2016-12-26 08:57:18 UTC]]
  [1m[35m (30.6ms)[0m  [1m[35mCOMMIT[0m
  [1m[36mEvent Load (0.5ms)[0m  [1m[34mSELECT  "events".* FROM "events" ORDER BY "events"."id" DESC LIMIT $1[0m  [["LIMIT", 1]]
  [1m[36mActiveRecord::SchemaMigration Load (0.6ms)[0m  [1m[34mSELECT "schema_migrations".* FROM "schema_migrations"[0m
  [1m[35m (0.6ms)[0m  [1m[34mSELECT pg_try_advisory_lock(1481219819937888240);[0m
  [1m[36mActiveRecord::SchemaMigration Load (0.2ms)[0m  [1m[34mSELECT "schema_migrations".* FROM "schema_migrations"[0m
Migrating to CreateContacts (20161226085411)
  [1m[35m (0.1ms)[0m  [1m[35mBEGIN[0m
  [1m[35m (32.8ms)[0m  [1m[35mDROP TABLE "contacts"[0m
  [1m[35mSQL (0.6ms)[0m  [1m[31mDELETE FROM "schema_migrations" WHERE "schema_migrations"."version" = $1[0m  [["version", "20161226085411"]]
  [1m[35m (20.0ms)[0m  [1m[35mCOMMIT[0m
  [1m[35m (0.3ms)[0m  [1m[34mSELECT pg_advisory_unlock(1481219819937888240)[0m
  [1m[36mActiveRecord::SchemaMigration Load (0.2ms)[0m  [1m[34mSELECT "schema_migrations".* FROM "schema_migrations"[0m
  [1m[36mActiveRecord::SchemaMigration Load (0.4ms)[0m  [1m[34mSELECT "schema_migrations".* FROM "schema_migrations"[0m
  [1m[35m (0.2ms)[0m  [1m[34mSELECT pg_try_advisory_lock(1481219819937888240);[0m
  [1m[36mActiveRecord::SchemaMigration Load (0.2ms)[0m  [1m[34mSELECT "schema_migrations".* FROM "schema_migrations"[0m
Migrating to CreateLocations (20161226085351)
  [1m[35m (0.1ms)[0m  [1m[35mBEGIN[0m
  [1m[35m (1.3ms)[0m  [1m[35mDROP TABLE "locations"[0m
  [1m[35mSQL (0.7ms)[0m  [1m[31mDELETE FROM "schema_migrations" WHERE "schema_migrations"."version" = $1[0m  [["version", "20161226085351"]]
  [1m[35m (31.6ms)[0m  [1m[35mCOMMIT[0m
  [1m[35m (0.2ms)[0m  [1m[34mSELECT pg_advisory_unlock(1481219819937888240)[0m
  [1m[36mActiveRecord::SchemaMigration Load (0.2ms)[0m  [1m[34mSELECT "schema_migrations".* FROM "schema_migrations"[0m
  [1m[36mActiveRecord::SchemaMigration Load (0.4ms)[0m  [1m[34mSELECT "schema_migrations".* FROM "schema_migrations"[0m
  [1m[35m (0.2ms)[0m  [1m[34mSELECT pg_try_advisory_lock(1481219819937888240);[0m
  [1m[36mActiveRecord::SchemaMigration Load (0.2ms)[0m  [1m[34mSELECT "schema_migrations".* FROM "schema_migrations"[0m
Migrating to CreateEvents (20161226073925)
  [1m[35m (0.1ms)[0m  [1m[35mBEGIN[0m
  [1m[35m (1.4ms)[0m  [1m[35mDROP TABLE "events"[0m
  [1m[35mSQL (0.6ms)[0m  [1m[31mDELETE FROM "schema_migrations" WHERE "schema_migrations"."version" = $1[0m  [["version", "20161226073925"]]
  [1m[35m (20.2ms)[0m  [1m[35mCOMMIT[0m
  [1m[35m (0.8ms)[0m  [1m[34mSELECT pg_advisory_unlock(1481219819937888240)[0m
  [1m[36mActiveRecord::SchemaMigration Load (0.3ms)[0m  [1m[34mSELECT "schema_migrations".* FROM "schema_migrations"[0m
  [1m[36mActiveRecord::SchemaMigration Load (0.4ms)[0m  [1m[34mSELECT "schema_migrations".* FROM "schema_migrations"[0m
  [1m[36mActiveRecord::SchemaMigration Load (0.2ms)[0m  [1m[34mSELECT "schema_migrations".* FROM "schema_migrations"[0m
  [1m[35m (0.1ms)[0m  [1m[34mSELECT pg_try_advisory_lock(1481219819937888240);[0m
  [1m[36mActiveRecord::SchemaMigration Load (0.4ms)[0m  [1m[34mSELECT "schema_migrations".* FROM "schema_migrations"[0m
Migrating to CreateEvents (20161226073925)
  [1m[35m (0.1ms)[0m  [1m[35mBEGIN[0m
  [1m[35m (119.7ms)[0m  [1m[35mCREATE TABLE "events" ("id" serial primary key, "title" character varying, "description" text, "starts_at" timestamp, "ends_at" timestamp, "location_id" integer, "contact_id" integer, "created_at" timestamp NOT NULL, "updated_at" timestamp NOT NULL)[0m
  [1m[35mSQL (0.4ms)[0m  [1m[32mINSERT INTO "schema_migrations" ("version") VALUES ($1) RETURNING "version"[0m  [["version", "20161226073925"]]
  [1m[35m (21.1ms)[0m  [1m[35mCOMMIT[0m
Migrating to CreateLocations (20161226085351)
  [1m[35m (0.4ms)[0m  [1m[35mBEGIN[0m
  [1m[35m (134.6ms)[0m  [1m[35mCREATE TABLE "locations" ("id" serial primary key, "line1" character varying, "line2" character varying, "city" character varying, "country" character varying, "pin" character varying, "event_id" integer, "created_at" timestamp NOT NULL, "updated_at" timestamp NOT NULL)[0m
  [1m[35m (142.4ms)[0m  [1m[35mCREATE  INDEX  "index_locations_on_event_id" ON "locations"  ("event_id")[0m
  [1m[35mSQL (0.3ms)[0m  [1m[32mINSERT INTO "schema_migrations" ("version") VALUES ($1) RETURNING "version"[0m  [["version", "20161226085351"]]
  [1m[35m (89.4ms)[0m  [1m[35mCOMMIT[0m
Migrating to CreateContacts (20161226085411)
  [1m[35m (0.2ms)[0m  [1m[35mBEGIN[0m
  [1m[35m (248.1ms)[0m  [1m[35mCREATE TABLE "contacts" ("id" serial primary key, "name" character varying, "email" character varying, "phone" character varying, "event_id" integer, "created_at" timestamp NOT NULL, "updated_at" timestamp NOT NULL)[0m
  [1m[35m (150.0ms)[0m  [1m[35mCREATE  INDEX  "index_contacts_on_event_id" ON "contacts"  ("event_id")[0m
  [1m[35mSQL (0.2ms)[0m  [1m[32mINSERT INTO "schema_migrations" ("version") VALUES ($1) RETURNING "version"[0m  [["version", "20161226085411"]]
  [1m[35m (77.0ms)[0m  [1m[35mCOMMIT[0m
  [1m[36mActiveRecord::InternalMetadata Load (0.4ms)[0m  [1m[34mSELECT  "ar_internal_metadata".* FROM "ar_internal_metadata" WHERE "ar_internal_metadata"."key" = $1 LIMIT $2[0m  [["key", :environment], ["LIMIT", 1]]
  [1m[35m (0.1ms)[0m  [1m[35mBEGIN[0m
  [1m[35m (0.1ms)[0m  [1m[35mCOMMIT[0m
  [1m[35m (0.2ms)[0m  [1m[34mSELECT pg_advisory_unlock(1481219819937888240)[0m
  [1m[36mActiveRecord::SchemaMigration Load (0.2ms)[0m  [1m[34mSELECT "schema_migrations".* FROM "schema_migrations"[0m
  [1m[35m (0.1ms)[0m  [1m[35mBEGIN[0m
  [1m[35mSQL (0.6ms)[0m  [1m[32mINSERT INTO "events" ("title", "description", "created_at", "updated_at") VALUES ($1, $2, $3, $4) RETURNING "id"[0m  [["title", "test event"], ["description", "sample description"], ["created_at", 2016-12-26 09:05:58 UTC], ["updated_at", 2016-12-26 09:05:58 UTC]]
  [1m[35m (30.0ms)[0m  [1m[35mCOMMIT[0m
  [1m[36mEvent Load (0.4ms)[0m  [1m[34mSELECT  "events".* FROM "events" ORDER BY "events"."id" DESC LIMIT $1[0m  [["LIMIT", 1]]
  [1m[36mLocation Load (0.3ms)[0m  [1m[34mSELECT  "locations".* FROM "locations" WHERE "locations"."event_id" = $1 LIMIT $2[0m  [["event_id", 1], ["LIMIT", 1]]
  [1m[35m (0.1ms)[0m  [1m[35mBEGIN[0m
  [1m[35m (0.2ms)[0m  [1m[31mROLLBACK[0m
  [1m[35m (0.1ms)[0m  [1m[35mBEGIN[0m
  [1m[35mSQL (0.5ms)[0m  [1m[32mINSERT INTO "locations" ("line1", "city", "event_id", "created_at", "updated_at") VALUES ($1, $2, $3, $4, $5) RETURNING "id"[0m  [["line1", "westmambalam"], ["city", "Chennai"], ["event_id", 1], ["created_at", 2016-12-26 09:07:38 UTC], ["updated_at", 2016-12-26 09:07:38 UTC]]
  [1m[35m (19.5ms)[0m  [1m[35mCOMMIT[0m
  [1m[35m (0.3ms)[0m  [1m[35mBEGIN[0m
  [1m[35m (0.2ms)[0m  [1m[35mCOMMIT[0m
  [1m[36mEvent Load (0.5ms)[0m  [1m[34mSELECT  "events".* FROM "events" ORDER BY "events"."id" DESC LIMIT $1[0m  [["LIMIT", 1]]
  [1m[36mLocation Load (0.3ms)[0m  [1m[34mSELECT  "locations".* FROM "locations" WHERE "locations"."event_id" = $1 LIMIT $2[0m  [["event_id", 1], ["LIMIT", 1]]
